2022-04-12 01:29:52,349 Spectrogram appeared
2022-04-12 01:29:52,350 Opened Wav file
2022-04-12 01:30:06,316 Equalizer initiated
2022-04-12 01:30:11,920 volume changed
2022-04-12 01:30:11,948 volume changed
2022-04-12 01:30:11,949 volume changed
2022-04-12 01:30:11,979 volume changed
2022-04-12 01:30:11,980 volume changed
2022-04-12 01:30:21,342 media played again
2022-04-12 01:30:22,970 media paused
2022-04-12 01:30:24,598 Equalizer initiated
2022-04-12 01:30:25,091 media played again
2022-04-12 01:30:51,702 volume changed
2022-04-12 01:30:51,730 volume changed
2022-04-12 01:30:51,730 volume changed
2022-04-12 01:30:51,731 volume changed
2022-04-12 01:30:51,732 volume changed
2022-04-12 01:30:51,762 volume changed
2022-04-12 01:30:51,922 volume changed
2022-04-12 01:30:51,949 volume changed
2022-04-12 01:30:51,951 volume changed
2022-04-12 01:30:51,980 volume changed
2022-04-12 01:30:53,112 media paused
2022-04-12 01:30:53,722 media played again
2022-04-12 01:30:55,503 media played again
2022-04-12 01:30:56,641 media paused
2022-04-12 01:30:57,109 media played again
2022-04-12 01:30:58,117 media paused
2022-04-12 01:30:58,863 media played again
2022-04-12 01:31:10,083 Equalizer initiated
2022-04-12 01:31:15,793 Equalizer initiated
2022-04-12 01:32:33,381 Spectrogram appeared
2022-04-12 01:32:33,382 Opened Wav file
2022-04-12 01:32:35,495 volume changed
2022-04-12 01:32:35,526 volume changed
2022-04-12 01:32:35,526 volume changed
2022-04-12 01:32:35,558 volume changed
2022-04-12 01:32:35,559 volume changed
2022-04-12 01:32:39,940 Equalizer initiated
2022-04-12 01:32:45,179 Equalizer initiated
2022-04-12 01:32:47,370 media played
2022-04-12 01:32:49,932 Equalizer initiated
2022-04-12 01:33:01,114 Equalizer initiated
2022-04-12 01:33:05,163 Equalizer initiated
2022-04-12 01:34:01,938 Spectrogram appeared
2022-04-12 01:34:01,939 Opened Wav file
2022-04-12 01:34:04,749 volume changed
2022-04-12 01:34:04,777 volume changed
2022-04-12 01:34:04,777 volume changed
2022-04-12 01:34:04,808 volume changed
2022-04-12 01:34:04,809 volume changed
2022-04-12 01:34:06,698 volume changed
2022-04-12 01:34:06,701 volume changed
2022-04-12 01:34:06,731 volume changed
2022-04-12 01:34:06,761 volume changed
2022-04-12 01:34:06,762 volume changed
2022-04-12 01:34:06,793 volume changed
2022-04-12 01:34:06,825 volume changed
2022-04-12 01:34:06,826 volume changed
2022-04-12 01:34:06,854 volume changed
2022-04-12 01:34:07,530 volume changed
2022-04-12 01:34:07,559 volume changed
2022-04-12 01:34:07,588 volume changed
2022-04-12 01:34:07,681 volume changed
2022-04-12 01:34:07,747 volume changed
2022-04-12 01:34:09,725 volume changed
2022-04-12 01:34:09,751 volume changed
2022-04-12 01:34:09,751 volume changed
2022-04-12 01:34:09,777 volume changed
2022-04-12 01:34:11,511 Spectrogram appeared
2022-04-12 01:34:11,511 Equalizer initiated
2022-04-12 01:34:15,247 Spectrogram appeared
2022-04-12 01:34:15,247 Equalizer initiated
2022-04-12 01:34:18,757 Spectrogram appeared
2022-04-12 01:34:18,757 Equalizer initiated
2022-04-12 01:34:24,632 Spectrogram appeared
2022-04-12 01:34:24,633 Equalizer initiated
2022-04-12 01:37:36,110 Spectrogram appeared
2022-04-12 01:37:36,110 Opened Wav file
2022-04-12 01:37:38,636 volume changed
2022-04-12 01:37:38,636 volume changed
2022-04-12 01:37:38,666 volume changed
2022-04-12 01:37:38,667 volume changed
2022-04-12 01:37:38,698 volume changed
2022-04-12 02:44:20,533 Spectrogram appeared
2022-04-12 02:44:20,534 Opened Wav file
2022-04-12 02:53:42,440 Spectrogram appeared
2022-04-12 02:53:42,441 Opened Wav file
2022-04-12 02:53:52,372 Spectrogram appeared
2022-04-12 02:53:52,372 Equalizer initiated
2022-04-12 02:54:05,012 Spectrogram appeared
2022-04-12 02:54:05,012 Equalizer initiated
2022-04-12 02:54:05,384 volume changed
2022-04-12 02:54:07,352 volume changed
2022-04-12 02:54:07,703 volume changed
2022-04-12 02:54:08,519 volume changed
2022-04-12 02:54:09,648 volume changed
2022-04-12 02:54:20,752 Spectrogram appeared
2022-04-12 02:54:20,752 Equalizer initiated
2022-04-12 02:54:31,184 Spectrogram appeared
2022-04-12 02:54:31,184 Equalizer initiated
2022-04-12 02:54:42,599 Spectrogram appeared
2022-04-12 02:54:42,599 Equalizer initiated
2022-04-12 02:55:28,896 Spectrogram appeared
2022-04-12 02:55:28,896 Opened Wav file
2022-04-12 02:55:31,565 volume changed
2022-04-12 02:55:31,842 volume changed
2022-04-12 02:55:33,406 volume changed
2022-04-12 02:55:33,969 volume changed
2022-04-12 02:55:34,684 volume changed
2022-04-12 02:55:37,504 media paused
2022-04-12 02:55:38,591 media played
2022-04-12 02:55:43,606 Spectrogram appeared
2022-04-12 02:55:43,606 Equalizer initiated
2022-04-12 02:55:44,122 volume changed
2022-04-12 02:55:44,183 volume changed
2022-04-12 02:55:44,218 volume changed
2022-04-12 02:55:44,335 volume changed
2022-04-12 02:55:49,026 Spectrogram appeared
2022-04-12 02:55:49,026 Equalizer initiated
2022-04-12 02:55:54,107 Spectrogram appeared
2022-04-12 02:55:54,107 Equalizer initiated
2022-04-12 03:06:40,617 Spectrogram appeared
2022-04-12 03:06:40,617 Opened Wav file
2022-04-12 03:06:42,483 volume changed
2022-04-12 03:06:42,515 volume changed
2022-04-12 03:06:42,516 volume changed
2022-04-12 03:06:42,545 volume changed
2022-04-12 03:06:43,671 volume changed
2022-04-12 03:06:43,671 volume changed
2022-04-12 03:06:43,701 volume changed
2022-04-12 03:06:43,702 volume changed
2022-04-12 03:06:43,732 volume changed
2022-04-12 03:06:43,733 volume changed
2022-04-12 03:06:43,736 volume changed
2022-04-12 03:06:43,766 volume changed
2022-04-12 03:06:43,795 volume changed
2022-04-12 03:06:44,484 volume changed
2022-04-12 03:06:44,514 volume changed
2022-04-12 03:06:44,515 volume changed
2022-04-12 03:06:44,546 volume changed
2022-04-12 03:06:44,576 volume changed
2022-04-12 03:06:44,609 volume changed
2022-04-12 03:06:44,734 volume changed
2022-04-12 03:06:45,798 media paused
2022-04-12 03:06:46,641 media played
2022-04-12 03:06:49,737 Spectrogram appeared
2022-04-12 03:06:49,738 Equalizer initiated
2022-04-12 03:07:06,709 Spectrogram appeared
2022-04-12 03:07:06,709 Equalizer initiated
2022-04-12 03:07:12,518 media paused
2022-04-12 03:09:23,909 Live Ploter Initialized
2022-04-12 03:42:45,743 Spectrogram appeared
2022-04-12 03:42:45,743 Opened Wav file
2022-04-12 03:42:48,047 volume changed
2022-04-12 03:42:48,076 volume changed
2022-04-12 03:42:48,076 volume changed
2022-04-12 03:42:48,110 volume changed
2022-04-12 03:42:48,178 volume changed
2022-04-12 03:42:48,203 volume changed
2022-04-12 03:42:48,233 volume changed
2022-04-12 03:42:48,295 volume changed
2022-04-12 03:42:48,577 volume changed
2022-04-12 03:42:48,577 volume changed
2022-04-12 03:42:48,607 volume changed
2022-04-12 03:42:48,607 volume changed
2022-04-12 03:42:48,638 volume changed
2022-04-12 03:42:48,670 volume changed
2022-04-12 03:42:48,671 volume changed
2022-04-12 03:42:49,650 media played
2022-04-12 03:42:50,425 media paused
2022-04-12 03:42:50,920 media played
2022-04-12 03:42:54,054 Spectrogram appeared
2022-04-12 03:42:54,054 Equalizer initiated
2022-04-12 03:42:57,599 Spectrogram appeared
2022-04-12 03:42:57,599 Equalizer initiated
2022-04-12 03:43:01,874 Spectrogram appeared
2022-04-12 03:43:01,874 Equalizer initiated
2022-04-12 04:18:54,592 Spectrogram appeared
2022-04-12 04:18:54,592 Opened Wav file
2022-04-12 04:19:07,120 media paused
2022-04-12 04:19:07,741 media played
2022-04-12 04:19:08,516 volume changed
2022-04-12 04:19:08,545 volume changed
2022-04-12 04:19:08,545 volume changed
2022-04-12 04:19:08,577 volume changed
2022-04-12 04:19:08,640 volume changed
2022-04-12 04:19:08,671 volume changed
2022-04-12 04:19:08,828 volume changed
2022-04-12 04:19:08,890 volume changed
2022-04-12 04:19:09,083 volume changed
2022-04-12 04:19:09,109 volume changed
2022-04-12 04:19:09,110 volume changed
2022-04-12 04:19:09,110 volume changed
2022-04-12 04:19:09,139 volume changed
2022-04-12 04:19:09,139 volume changed
2022-04-12 04:19:09,170 volume changed
2022-04-12 04:19:09,171 volume changed
2022-04-12 04:19:12,022 Spectrogram appeared
2022-04-12 04:19:12,022 Equalizer initiated
2022-04-12 04:19:17,269 Spectrogram appeared
2022-04-12 04:19:17,269 Equalizer initiated
2022-04-12 04:19:23,221 Spectrogram appeared
2022-04-12 04:19:23,221 Equalizer initiated
2022-04-12 04:19:28,291 volume changed
2022-04-12 04:19:28,294 volume changed
2022-04-12 04:19:28,321 volume changed
2022-04-12 04:19:28,352 volume changed
2022-04-12 04:19:28,387 volume changed
2022-04-12 04:19:28,447 volume changed
2022-04-12 04:19:28,509 volume changed
2022-04-12 04:19:28,541 volume changed
2022-04-12 04:19:28,707 volume changed
2022-04-12 04:19:28,728 volume changed
2022-04-12 04:19:28,732 volume changed
2022-04-12 04:19:28,759 volume changed
2022-04-12 04:19:28,765 volume changed
2022-04-12 04:19:28,789 volume changed
2022-04-12 04:19:28,822 volume changed
2022-04-12 04:19:28,825 volume changed
2022-04-12 04:21:10,726 Spectrogram appeared
2022-04-12 04:21:10,726 Opened Wav file
2022-04-12 04:21:12,467 volume changed
2022-04-12 04:21:12,626 volume changed
2022-04-12 04:21:27,504 Spectrogram appeared
2022-04-12 04:21:27,505 Equalizer initiated
2022-04-12 04:21:47,268 Spectrogram appeared
2022-04-12 04:21:47,268 Equalizer initiated
2022-04-12 04:21:48,433 volume changed
2022-04-12 04:21:48,470 volume changed
2022-04-12 04:22:02,535 Spectrogram appeared
2022-04-12 04:22:02,535 Equalizer initiated
2022-04-12 04:22:23,448 Spectrogram appeared
2022-04-12 04:22:23,448 Equalizer initiated
